0 info it worked if it ends with ok
1 verbose cli [ '/usr/bin/nodejs',
1 verbose cli   '/usr/bin/npm',
1 verbose cli   'install',
1 verbose cli   'bcrypt',
1 verbose cli   '–save-dev' ]
2 info using npm@3.5.2
3 info using node@v4.2.6
4 silly loadCurrentTree Starting
5 silly install loadCurrentTree
6 silly install readLocalPackageData
7 silly fetchPackageMetaData bcrypt
8 silly fetchPackageMetaData –save-dev
9 silly fetchNamedPackageData bcrypt
10 silly mapToRegistry name bcrypt
11 silly mapToRegistry using default registry
12 silly mapToRegistry registry https://registry.npmjs.org/
13 silly mapToRegistry uri https://registry.npmjs.org/bcrypt
14 silly fetchOtherPackageData –save-dev
15 silly cache add args [ '–save-dev', null ]
16 verbose cache add spec –save-dev
17 silly cache add parsed spec Result {
17 silly cache add   raw: '–save-dev',
17 silly cache add   scope: null,
17 silly cache add   name: null,
17 silly cache add   rawSpec: '–save-dev',
17 silly cache add   spec: '/home/spandana/Documents/open-source-prooject/open-source-stack-backend/–save-dev',
17 silly cache add   type: 'local' }
18 error addLocal Could not install /home/spandana/Documents/open-source-prooject/open-source-stack-backend/–save-dev
19 silly fetchPackageMetaData Error: ENOENT: no such file or directory, open '/home/spandana/Documents/open-source-prooject/open-source-stack-backend/–save-dev'
19 silly fetchPackageMetaData     at Error (native)
19 silly fetchPackageMetaData  error for –save-dev { [Error: ENOENT: no such file or directory, open '/home/spandana/Documents/open-source-prooject/open-source-stack-backend/–save-dev']
19 silly fetchPackageMetaData   errno: -2,
19 silly fetchPackageMetaData   code: 'ENOENT',
19 silly fetchPackageMetaData   syscall: 'open',
19 silly fetchPackageMetaData   path: '/home/spandana/Documents/open-source-prooject/open-source-stack-backend/–save-dev' }
20 verbose request uri https://registry.npmjs.org/bcrypt
21 verbose request no auth needed
22 info attempt registry request try #1 at 12:43:25 AM
23 verbose request id 773330d6237ce383
24 verbose etag W/"97e4cc56ca5e3a7e1be878b9d390faad"
25 verbose lastModified Thu, 18 Oct 2018 02:58:33 GMT
26 http request GET https://registry.npmjs.org/bcrypt
27 http 304 https://registry.npmjs.org/bcrypt
28 verbose headers { date: 'Tue, 11 Dec 2018 19:13:25 GMT',
28 verbose headers   connection: 'keep-alive',
28 verbose headers   'set-cookie': [ '__cfduid=d3cb4ddd255e61775577ab0a93d118e7e1544555605; expires=Wed, 11-Dec-19 19:13:25 GMT; path=/; domain=.registry.npmjs.org; HttpOnly' ],
28 verbose headers   'cf-cache-status': 'HIT',
28 verbose headers   'cache-control': 'max-age=300',
28 verbose headers   'cf-ray': '487a44b91d37aad0-MAA',
28 verbose headers   etag: '"97e4cc56ca5e3a7e1be878b9d390faad"',
28 verbose headers   'expect-ct': 'max-age=604800, report-uri="https://report-uri.cloudflare.com/cdn-cgi/beacon/expect-ct"',
28 verbose headers   'last-modified': 'Thu, 18 Oct 2018 02:58:33 GMT',
28 verbose headers   vary: 'accept-encoding, accept',
28 verbose headers   'x-amz-meta-rev': '484-feb01bbe990ccde5702865dcc126a424',
28 verbose headers   server: 'cloudflare' }
29 silly get cb [ 304,
29 silly get   { date: 'Tue, 11 Dec 2018 19:13:25 GMT',
29 silly get     connection: 'keep-alive',
29 silly get     'set-cookie': [ '__cfduid=d3cb4ddd255e61775577ab0a93d118e7e1544555605; expires=Wed, 11-Dec-19 19:13:25 GMT; path=/; domain=.registry.npmjs.org; HttpOnly' ],
29 silly get     'cf-cache-status': 'HIT',
29 silly get     'cache-control': 'max-age=300',
29 silly get     'cf-ray': '487a44b91d37aad0-MAA',
29 silly get     etag: '"97e4cc56ca5e3a7e1be878b9d390faad"',
29 silly get     'expect-ct': 'max-age=604800, report-uri="https://report-uri.cloudflare.com/cdn-cgi/beacon/expect-ct"',
29 silly get     'last-modified': 'Thu, 18 Oct 2018 02:58:33 GMT',
29 silly get     vary: 'accept-encoding, accept',
29 silly get     'x-amz-meta-rev': '484-feb01bbe990ccde5702865dcc126a424',
29 silly get     server: 'cloudflare' } ]
30 verbose etag https://registry.npmjs.org/bcrypt from cache
31 verbose get saving bcrypt to /home/spandana/.npm/registry.npmjs.org/bcrypt/.cache.json
32 silly rollbackFailedOptional Starting
33 silly rollbackFailedOptional Finishing
34 silly runTopLevelLifecycles Starting
35 silly runTopLevelLifecycles Finishing
36 silly install printInstalled
37 verbose stack Error: ENOENT: no such file or directory, open '/home/spandana/Documents/open-source-prooject/open-source-stack-backend/–save-dev'
37 verbose stack     at Error (native)
38 verbose cwd /home/spandana/Documents/open-source-prooject/open-source-stack-backend
39 error Linux 4.10.0-28-generic
40 error argv "/usr/bin/nodejs" "/usr/bin/npm" "install" "bcrypt" "–save-dev"
41 error node v4.2.6
42 error npm  v3.5.2
43 error path /home/spandana/Documents/open-source-prooject/open-source-stack-backend/–save-dev
44 error code ENOENT
45 error errno -2
46 error syscall open
47 error enoent ENOENT: no such file or directory, open '/home/spandana/Documents/open-source-prooject/open-source-stack-backend/–save-dev'
48 error enoent ENOENT: no such file or directory, open '/home/spandana/Documents/open-source-prooject/open-source-stack-backend/–save-dev'
48 error enoent This is most likely not a problem with npm itself
48 error enoent and is related to npm not being able to find a file.
49 verbose exit [ -2, true ]
